<?xml version="1.0" encoding="UTF-8"?>
<testng-results ignored="0" total="1" passed="1" failed="0" skipped="0">
  <reporter-output>
  </reporter-output>
  <suite started-at="2025-07-16T02:25:00Z" name="Default suite" finished-at="2025-07-16T02:25:25Z" duration-ms="25183">
    <groups>
    </groups>
    <test started-at="2025-07-16T02:25:00Z" name="Default test" finished-at="2025-07-16T02:25:25Z" duration-ms="25183">
      <class name="SampleTests.SignUpTest">
        <test-method is-config="true" signature="setUp()[pri:0, instance:SampleTests.SignUpTest@57af006c]" started-at="2025-07-16T02:25:00Z" name="setUp" finished-at="2025-07-16T02:25:01Z" duration-ms="1738" status="PASS">
          <reporter-output>
          </reporter-output>
        </test-method> <!-- setUp -->
        <test-method signature="signupTest()[pri:1, instance:SampleTests.SignUpTest@57af006c]" started-at="2025-07-16T02:25:01Z" name="signupTest" finished-at="2025-07-16T02:25:24Z" duration-ms="22786" status="PASS">
          <reporter-output>
          </reporter-output>
        </test-method> <!-- signupTest -->
        <test-method is-config="true" signature="tearDown()[pri:0, instance:SampleTests.SignUpTest@57af006c]" started-at="2025-07-16T02:25:24Z" name="tearDown" finished-at="2025-07-16T02:25:25Z" duration-ms="640" status="PASS">
          <reporter-output>
          </reporter-output>
        </test-method> <!-- tearDown -->
      </class> <!-- SampleTests.SignUpTest -->
    </test> <!-- Default test -->
  </suite> <!-- Default suite -->
</testng-results>
