<?xml version="1.0" encoding="UTF-8"?>
<testng-results ignored="0" total="2" passed="2" failed="0" skipped="0">
  <reporter-output>
  </reporter-output>
  <suite started-at="2025-07-18T15:06:41 PST" name="Default suite" finished-at="2025-07-18T15:07:14 PST" duration-ms="32559">
    <groups>
    </groups>
    <test started-at="2025-07-18T15:06:41 PST" name="Default test" finished-at="2025-07-18T15:07:14 PST" duration-ms="32559">
      <class name="WingzTests.SignUpTest">
        <test-method is-config="true" signature="setUp()[pri:0, instance:WingzTests.SignUpTest@6d4e5011]" started-at="2025-07-18T15:06:41 PST" name="setUp" finished-at="2025-07-18T15:06:43 PST" duration-ms="1668" status="PASS">
          <reporter-output>
          </reporter-output>
        </test-method> <!-- setUp -->
        <test-method signature="signUpTest()[pri:1, instance:WingzTests.SignUpTest@6d4e5011]" started-at="2025-07-18T15:06:43 PST" name="signUpTest" finished-at="2025-07-18T15:06:52 PST" duration-ms="8850" status="PASS">
          <reporter-output>
          </reporter-output>
        </test-method> <!-- signUpTest -->
        <test-method is-config="true" signature="tearDown()[pri:0, instance:WingzTests.SignUpTest@6d4e5011]" started-at="2025-07-18T15:06:52 PST" name="tearDown" finished-at="2025-07-18T15:06:53 PST" duration-ms="902" status="PASS">
          <reporter-output>
          </reporter-output>
        </test-method> <!-- tearDown -->
      </class> <!-- WingzTests.SignUpTest -->
      <class name="WingzTests.MyProfileTest">
        <test-method is-config="true" signature="setUp()[pri:0, instance:WingzTests.MyProfileTest@52af26ee]" started-at="2025-07-18T15:06:53 PST" name="setUp" finished-at="2025-07-18T15:06:54 PST" duration-ms="755" status="PASS">
          <reporter-output>
          </reporter-output>
        </test-method> <!-- setUp -->
        <test-method signature="myProfileTest()[pri:2, instance:WingzTests.MyProfileTest@52af26ee]" started-at="2025-07-18T15:06:54 PST" name="myProfileTest" finished-at="2025-07-18T15:07:14 PST" duration-ms="19993" status="PASS">
          <reporter-output>
          </reporter-output>
        </test-method> <!-- myProfileTest -->
        <test-method is-config="true" signature="tearDown()[pri:0, instance:WingzTests.MyProfileTest@52af26ee]" started-at="2025-07-18T15:07:14 PST" name="tearDown" finished-at="2025-07-18T15:07:14 PST" duration-ms="357" status="PASS">
          <reporter-output>
          </reporter-output>
        </test-method> <!-- tearDown -->
      </class> <!-- WingzTests.MyProfileTest -->
    </test> <!-- Default test -->
  </suite> <!-- Default suite -->
</testng-results>
